3923 : 2025-03-01 09:06:03,584 : INFO : telemetry.main : Attempt start. Configuration directory [/home/sandy_azure/.azure]. Cache directory [/home/sandy_azure/.azure/telemetry/20250301090603466].
3923 : 2025-03-01 09:06:03,584 : INFO : telemetry.records : 1 cache files to upload.
3923 : 2025-03-01 09:06:03,584 : INFO : telemetry.records : Processed file /home/sandy_azure/.azure/telemetry/20250301090603466/cache into 1 records.
3923 : 2025-03-01 09:06:03,584 : INFO : telemetry.records : Remove directory /home/sandy_azure/.azure/telemetry/20250301090603466
3923 : 2025-03-01 09:06:03,585 : INFO : telemetry.client : Accumulated 1 events. Flush the clients.
3923 : 2025-03-01 09:06:03,585 : INFO : telemetry.client : Flush client c4395b75-49cc-422c-bc95-c7d51aef5d46.
3923 : 2025-03-01 09:06:03,841 : INFO : telemetry.sender : Sending 3863 bytes
3923 : 2025-03-01 09:06:03,842 : INFO : telemetry.sender : Finish uploading in 0.256241 seconds.
1470 : 2025-03-15 04:50:00,101 : INFO : telemetry.main : Attempt start. Configuration directory [/home/sandy_azure/.azure]. Cache directory [/home/sandy_azure/.azure/telemetry/20250315044959972].
1470 : 2025-03-15 04:50:00,101 : INFO : telemetry.records : 1 cache files to upload.
1470 : 2025-03-15 04:50:00,102 : INFO : telemetry.records : Processed file /home/sandy_azure/.azure/telemetry/20250315044959972/cache into 1 records.
1470 : 2025-03-15 04:50:00,102 : INFO : telemetry.records : Remove directory /home/sandy_azure/.azure/telemetry/20250315044959972
1470 : 2025-03-15 04:50:00,102 : INFO : telemetry.client : Accumulated 1 events. Flush the clients.
1470 : 2025-03-15 04:50:00,102 : INFO : telemetry.client : Flush client c4395b75-49cc-422c-bc95-c7d51aef5d46.
1470 : 2025-03-15 04:50:00,322 : INFO : telemetry.sender : Sending 3863 bytes
1470 : 2025-03-15 04:50:00,322 : INFO : telemetry.sender : Finish uploading in 0.219798 seconds.
1480 : 2025-03-15 04:51:10,321 : INFO : telemetry.main : Attempt start. Configuration directory [/home/sandy_azure/.azure]. Cache directory [/home/sandy_azure/.azure/telemetry/20250315045110202].
1480 : 2025-03-15 04:51:10,321 : INFO : telemetry.records : 1 cache files to upload.
1480 : 2025-03-15 04:51:10,321 : INFO : telemetry.records : Processed file /home/sandy_azure/.azure/telemetry/20250315045110202/cache into 1 records.
1480 : 2025-03-15 04:51:10,322 : INFO : telemetry.records : Remove directory /home/sandy_azure/.azure/telemetry/20250315045110202
1480 : 2025-03-15 04:51:10,322 : INFO : telemetry.client : Accumulated 1 events. Flush the clients.
1480 : 2025-03-15 04:51:10,322 : INFO : telemetry.client : Flush client c4395b75-49cc-422c-bc95-c7d51aef5d46.
1480 : 2025-03-15 04:51:10,539 : INFO : telemetry.sender : Sending 3929 bytes
1480 : 2025-03-15 04:51:10,539 : INFO : telemetry.sender : Finish uploading in 0.216695 seconds.
1489 : 2025-03-15 04:51:53,149 : INFO : telemetry.main : Attempt start. Configuration directory [/home/sandy_azure/.azure]. Cache directory [/home/sandy_azure/.azure/telemetry/20250315045153035].
1489 : 2025-03-15 04:51:53,150 : INFO : telemetry.records : 1 cache files to upload.
1489 : 2025-03-15 04:51:53,150 : INFO : telemetry.records : Processed file /home/sandy_azure/.azure/telemetry/20250315045153035/cache into 1 records.
1489 : 2025-03-15 04:51:53,150 : INFO : telemetry.records : Remove directory /home/sandy_azure/.azure/telemetry/20250315045153035
1489 : 2025-03-15 04:51:53,151 : INFO : telemetry.client : Accumulated 1 events. Flush the clients.
1489 : 2025-03-15 04:51:53,151 : INFO : telemetry.client : Flush client c4395b75-49cc-422c-bc95-c7d51aef5d46.
1489 : 2025-03-15 04:51:53,375 : INFO : telemetry.sender : Sending 3928 bytes
1489 : 2025-03-15 04:51:53,375 : INFO : telemetry.sender : Finish uploading in 0.223738 seconds.
1503 : 2025-03-15 04:53:53,374 : INFO : telemetry.main : Attempt start. Configuration directory [/home/sandy_azure/.azure]. Cache directory [/home/sandy_azure/.azure/telemetry/20250315045353262].
1503 : 2025-03-15 04:53:53,375 : INFO : telemetry.records : 1 cache files to upload.
1503 : 2025-03-15 04:53:53,375 : INFO : telemetry.records : Processed file /home/sandy_azure/.azure/telemetry/20250315045353262/cache into 1 records.
1503 : 2025-03-15 04:53:53,375 : INFO : telemetry.records : Remove directory /home/sandy_azure/.azure/telemetry/20250315045353262
1503 : 2025-03-15 04:53:53,376 : INFO : telemetry.client : Accumulated 1 events. Flush the clients.
1503 : 2025-03-15 04:53:53,376 : INFO : telemetry.client : Flush client c4395b75-49cc-422c-bc95-c7d51aef5d46.
1503 : 2025-03-15 04:53:53,612 : INFO : telemetry.sender : Sending 3929 bytes
1503 : 2025-03-15 04:53:53,612 : INFO : telemetry.sender : Finish uploading in 0.236131 seconds.
1515 : 2025-03-15 04:55:10,482 : INFO : telemetry.main : Attempt start. Configuration directory [/home/sandy_azure/.azure]. Cache directory [/home/sandy_azure/.azure/telemetry/20250315045510364].
1515 : 2025-03-15 04:55:10,483 : INFO : telemetry.records : 1 cache files to upload.
1515 : 2025-03-15 04:55:10,483 : INFO : telemetry.records : Processed file /home/sandy_azure/.azure/telemetry/20250315045510364/cache into 1 records.
1515 : 2025-03-15 04:55:10,483 : INFO : telemetry.records : Remove directory /home/sandy_azure/.azure/telemetry/20250315045510364
1515 : 2025-03-15 04:55:10,484 : INFO : telemetry.client : Accumulated 1 events. Flush the clients.
1515 : 2025-03-15 04:55:10,484 : INFO : telemetry.client : Flush client c4395b75-49cc-422c-bc95-c7d51aef5d46.
1515 : 2025-03-15 04:55:10,729 : INFO : telemetry.sender : Sending 4130 bytes
1515 : 2025-03-15 04:55:10,730 : INFO : telemetry.sender : Finish uploading in 0.245449 seconds.
2040 : 2025-03-15 04:59:37,534 : INFO : telemetry.main : Attempt start. Configuration directory [/home/sandy_azure/.azure]. Cache directory [/home/sandy_azure/.azure/telemetry/20250315045937411].
2040 : 2025-03-15 04:59:37,535 : INFO : telemetry.records : 1 cache files to upload.
2040 : 2025-03-15 04:59:37,535 : INFO : telemetry.records : Processed file /home/sandy_azure/.azure/telemetry/20250315045937411/cache into 1 records.
2040 : 2025-03-15 04:59:37,535 : INFO : telemetry.records : Remove directory /home/sandy_azure/.azure/telemetry/20250315045937411
2040 : 2025-03-15 04:59:37,536 : INFO : telemetry.client : Accumulated 1 events. Flush the clients.
2040 : 2025-03-15 04:59:37,536 : INFO : telemetry.client : Flush client c4395b75-49cc-422c-bc95-c7d51aef5d46.
2040 : 2025-03-15 04:59:37,758 : INFO : telemetry.sender : Sending 3863 bytes
2040 : 2025-03-15 04:59:37,758 : INFO : telemetry.sender : Finish uploading in 0.222549 seconds.
2709 : 2025-03-15 05:03:50,927 : INFO : telemetry.main : Attempt start. Configuration directory [/home/sandy_azure/.azure]. Cache directory [/home/sandy_azure/.azure/telemetry/20250315050350806].
2709 : 2025-03-15 05:03:50,927 : INFO : telemetry.records : 1 cache files to upload.
2709 : 2025-03-15 05:03:50,927 : INFO : telemetry.records : Processed file /home/sandy_azure/.azure/telemetry/20250315050350806/cache into 1 records.
2709 : 2025-03-15 05:03:50,928 : INFO : telemetry.records : Remove directory /home/sandy_azure/.azure/telemetry/20250315050350806
2709 : 2025-03-15 05:03:50,928 : INFO : telemetry.client : Accumulated 1 events. Flush the clients.
2709 : 2025-03-15 05:03:50,928 : INFO : telemetry.client : Flush client c4395b75-49cc-422c-bc95-c7d51aef5d46.
2709 : 2025-03-15 05:03:51,153 : INFO : telemetry.sender : Sending 4016 bytes
2709 : 2025-03-15 05:03:51,153 : INFO : telemetry.sender : Finish uploading in 0.224807 seconds.
2714 : 2025-03-15 05:03:51,464 : INFO : telemetry.main : Attempt start. Configuration directory [/home/sandy_azure/.azure]. Cache directory [/home/sandy_azure/.azure/telemetry/20250315050351337].
2714 : 2025-03-15 05:03:51,464 : INFO : telemetry.records : 1 cache files to upload.
2714 : 2025-03-15 05:03:51,464 : INFO : telemetry.records : Processed file /home/sandy_azure/.azure/telemetry/20250315050351337/cache into 1 records.
2714 : 2025-03-15 05:03:51,464 : INFO : telemetry.records : Remove directory /home/sandy_azure/.azure/telemetry/20250315050351337
2714 : 2025-03-15 05:03:51,465 : INFO : telemetry.client : Accumulated 1 events. Flush the clients.
2714 : 2025-03-15 05:03:51,465 : INFO : telemetry.client : Flush client c4395b75-49cc-422c-bc95-c7d51aef5d46.
2714 : 2025-03-15 05:03:51,698 : INFO : telemetry.sender : Sending 3937 bytes
2714 : 2025-03-15 05:03:51,698 : INFO : telemetry.sender : Finish uploading in 0.232595 seconds.
2758 : 2025-03-15 05:05:06,216 : INFO : telemetry.main : Attempt start. Configuration directory [/home/sandy_azure/.azure]. Cache directory [/home/sandy_azure/.azure/telemetry/20250315050506085].
2758 : 2025-03-15 05:05:06,217 : INFO : telemetry.records : 1 cache files to upload.
2758 : 2025-03-15 05:05:06,217 : INFO : telemetry.records : Processed file /home/sandy_azure/.azure/telemetry/20250315050506085/cache into 1 records.
2758 : 2025-03-15 05:05:06,217 : INFO : telemetry.records : Remove directory /home/sandy_azure/.azure/telemetry/20250315050506085
2758 : 2025-03-15 05:05:06,218 : INFO : telemetry.client : Accumulated 1 events. Flush the clients.
2758 : 2025-03-15 05:05:06,218 : INFO : telemetry.client : Flush client c4395b75-49cc-422c-bc95-c7d51aef5d46.
2758 : 2025-03-15 05:05:06,437 : INFO : telemetry.sender : Sending 4054 bytes
2758 : 2025-03-15 05:05:06,437 : INFO : telemetry.sender : Finish uploading in 0.218884 seconds.
2772 : 2025-03-15 05:05:16,191 : INFO : telemetry.main : Attempt start. Configuration directory [/home/sandy_azure/.azure]. Cache directory [/home/sandy_azure/.azure/telemetry/20250315050516069].
2772 : 2025-03-15 05:05:16,191 : INFO : telemetry.records : 1 cache files to upload.
2772 : 2025-03-15 05:05:16,191 : INFO : telemetry.records : Processed file /home/sandy_azure/.azure/telemetry/20250315050516069/cache into 1 records.
2772 : 2025-03-15 05:05:16,191 : INFO : telemetry.records : Remove directory /home/sandy_azure/.azure/telemetry/20250315050516069
2772 : 2025-03-15 05:05:16,192 : INFO : telemetry.client : Accumulated 1 events. Flush the clients.
2772 : 2025-03-15 05:05:16,192 : INFO : telemetry.client : Flush client c4395b75-49cc-422c-bc95-c7d51aef5d46.
2772 : 2025-03-15 05:05:16,409 : INFO : telemetry.sender : Sending 3942 bytes
2772 : 2025-03-15 05:05:16,409 : INFO : telemetry.sender : Finish uploading in 0.217140 seconds.
5191 : 2025-03-15 06:36:23,489 : INFO : telemetry.main : Attempt start. Configuration directory [/home/sandy_azure/.azure]. Cache directory [/home/sandy_azure/.azure/telemetry/20250315063623368].
5191 : 2025-03-15 06:36:23,489 : INFO : telemetry.records : 1 cache files to upload.
5191 : 2025-03-15 06:36:23,490 : INFO : telemetry.records : Processed file /home/sandy_azure/.azure/telemetry/20250315063623368/cache into 1 records.
5191 : 2025-03-15 06:36:23,490 : INFO : telemetry.records : Remove directory /home/sandy_azure/.azure/telemetry/20250315063623368
5191 : 2025-03-15 06:36:23,490 : INFO : telemetry.client : Accumulated 1 events. Flush the clients.
5191 : 2025-03-15 06:36:23,491 : INFO : telemetry.client : Flush client c4395b75-49cc-422c-bc95-c7d51aef5d46.
5191 : 2025-03-15 06:36:23,711 : INFO : telemetry.sender : Sending 4204 bytes
5191 : 2025-03-15 06:36:23,711 : INFO : telemetry.sender : Finish uploading in 0.220669 seconds.
5200 : 2025-03-15 06:36:31,529 : INFO : telemetry.main : Attempt start. Configuration directory [/home/sandy_azure/.azure]. Cache directory [/home/sandy_azure/.azure/telemetry/20250315063631402].
5200 : 2025-03-15 06:36:31,529 : INFO : telemetry.records : 1 cache files to upload.
5200 : 2025-03-15 06:36:31,529 : INFO : telemetry.records : Processed file /home/sandy_azure/.azure/telemetry/20250315063631402/cache into 1 records.
5200 : 2025-03-15 06:36:31,530 : INFO : telemetry.records : Remove directory /home/sandy_azure/.azure/telemetry/20250315063631402
5200 : 2025-03-15 06:36:31,530 : INFO : telemetry.client : Accumulated 1 events. Flush the clients.
5200 : 2025-03-15 06:36:31,531 : INFO : telemetry.client : Flush client c4395b75-49cc-422c-bc95-c7d51aef5d46.
5200 : 2025-03-15 06:36:31,758 : INFO : telemetry.sender : Sending 4007 bytes
5200 : 2025-03-15 06:36:31,758 : INFO : telemetry.sender : Finish uploading in 0.227118 seconds.
6702 : 2025-03-15 08:40:29,299 : INFO : telemetry.main : Attempt start. Configuration directory [/home/sandy_azure/.azure]. Cache directory [/home/sandy_azure/.azure/telemetry/20250315084029180].
6702 : 2025-03-15 08:40:29,299 : INFO : telemetry.records : 1 cache files to upload.
6702 : 2025-03-15 08:40:29,299 : INFO : telemetry.records : Processed file /home/sandy_azure/.azure/telemetry/20250315084029180/cache into 1 records.
6702 : 2025-03-15 08:40:29,299 : INFO : telemetry.records : Remove directory /home/sandy_azure/.azure/telemetry/20250315084029180
6702 : 2025-03-15 08:40:29,300 : INFO : telemetry.client : Accumulated 1 events. Flush the clients.
6702 : 2025-03-15 08:40:29,300 : INFO : telemetry.client : Flush client c4395b75-49cc-422c-bc95-c7d51aef5d46.
6702 : 2025-03-15 08:40:29,522 : INFO : telemetry.sender : Sending 4024 bytes
6702 : 2025-03-15 08:40:29,522 : INFO : telemetry.sender : Finish uploading in 0.221866 seconds.
6713 : 2025-03-15 08:41:17,633 : INFO : telemetry.main : Attempt start. Configuration directory [/home/sandy_azure/.azure]. Cache directory [/home/sandy_azure/.azure/telemetry/20250315084117508].
6713 : 2025-03-15 08:41:17,633 : INFO : telemetry.records : 1 cache files to upload.
6713 : 2025-03-15 08:41:17,634 : INFO : telemetry.records : Processed file /home/sandy_azure/.azure/telemetry/20250315084117508/cache into 1 records.
6713 : 2025-03-15 08:41:17,634 : INFO : telemetry.records : Remove directory /home/sandy_azure/.azure/telemetry/20250315084117508
6713 : 2025-03-15 08:41:17,634 : INFO : telemetry.client : Accumulated 1 events. Flush the clients.
6713 : 2025-03-15 08:41:17,634 : INFO : telemetry.client : Flush client c4395b75-49cc-422c-bc95-c7d51aef5d46.
6713 : 2025-03-15 08:41:17,851 : INFO : telemetry.sender : Sending 4008 bytes
6713 : 2025-03-15 08:41:17,851 : INFO : telemetry.sender : Finish uploading in 0.215956 seconds.
6727 : 2025-03-15 08:42:19,083 : INFO : telemetry.main : Attempt start. Configuration directory [/home/sandy_azure/.azure]. Cache directory [/home/sandy_azure/.azure/telemetry/20250315084218963].
6727 : 2025-03-15 08:42:19,083 : INFO : telemetry.records : 1 cache files to upload.
6727 : 2025-03-15 08:42:19,083 : INFO : telemetry.records : Processed file /home/sandy_azure/.azure/telemetry/20250315084218963/cache into 1 records.
6727 : 2025-03-15 08:42:19,083 : INFO : telemetry.records : Remove directory /home/sandy_azure/.azure/telemetry/20250315084218963
6727 : 2025-03-15 08:42:19,084 : INFO : telemetry.client : Accumulated 1 events. Flush the clients.
6727 : 2025-03-15 08:42:19,084 : INFO : telemetry.client : Flush client c4395b75-49cc-422c-bc95-c7d51aef5d46.
6727 : 2025-03-15 08:42:19,300 : INFO : telemetry.sender : Sending 4253 bytes
6727 : 2025-03-15 08:42:19,300 : INFO : telemetry.sender : Finish uploading in 0.215658 seconds.
6738 : 2025-03-15 08:42:27,495 : INFO : telemetry.main : Attempt start. Configuration directory [/home/sandy_azure/.azure]. Cache directory [/home/sandy_azure/.azure/telemetry/20250315084227371].
6738 : 2025-03-15 08:42:27,496 : INFO : telemetry.records : 1 cache files to upload.
6738 : 2025-03-15 08:42:27,496 : INFO : telemetry.records : Processed file /home/sandy_azure/.azure/telemetry/20250315084227371/cache into 1 records.
6738 : 2025-03-15 08:42:27,496 : INFO : telemetry.records : Remove directory /home/sandy_azure/.azure/telemetry/20250315084227371
6738 : 2025-03-15 08:42:27,497 : INFO : telemetry.client : Accumulated 1 events. Flush the clients.
6738 : 2025-03-15 08:42:27,497 : INFO : telemetry.client : Flush client c4395b75-49cc-422c-bc95-c7d51aef5d46.
6738 : 2025-03-15 08:42:27,715 : INFO : telemetry.sender : Sending 4180 bytes
6738 : 2025-03-15 08:42:27,715 : INFO : telemetry.sender : Finish uploading in 0.218215 seconds.
6753 : 2025-03-15 08:44:22,837 : INFO : telemetry.main : Attempt start. Configuration directory [/home/sandy_azure/.azure]. Cache directory [/home/sandy_azure/.azure/telemetry/20250315084422710].
6753 : 2025-03-15 08:44:22,837 : INFO : telemetry.records : 1 cache files to upload.
6753 : 2025-03-15 08:44:22,837 : INFO : telemetry.records : Processed file /home/sandy_azure/.azure/telemetry/20250315084422710/cache into 1 records.
6753 : 2025-03-15 08:44:22,837 : INFO : telemetry.records : Remove directory /home/sandy_azure/.azure/telemetry/20250315084422710
6753 : 2025-03-15 08:44:22,838 : INFO : telemetry.client : Accumulated 1 events. Flush the clients.
6753 : 2025-03-15 08:44:22,838 : INFO : telemetry.client : Flush client c4395b75-49cc-422c-bc95-c7d51aef5d46.
6753 : 2025-03-15 08:44:23,058 : INFO : telemetry.sender : Sending 4192 bytes
6753 : 2025-03-15 08:44:23,058 : INFO : telemetry.sender : Finish uploading in 0.219889 seconds.
6762 : 2025-03-15 08:44:28,638 : INFO : telemetry.main : Attempt start. Configuration directory [/home/sandy_azure/.azure]. Cache directory [/home/sandy_azure/.azure/telemetry/20250315084428517].
6762 : 2025-03-15 08:44:28,638 : INFO : telemetry.records : 1 cache files to upload.
6762 : 2025-03-15 08:44:28,639 : INFO : telemetry.records : Processed file /home/sandy_azure/.azure/telemetry/20250315084428517/cache into 1 records.
6762 : 2025-03-15 08:44:28,639 : INFO : telemetry.records : Remove directory /home/sandy_azure/.azure/telemetry/20250315084428517
6762 : 2025-03-15 08:44:28,639 : INFO : telemetry.client : Accumulated 1 events. Flush the clients.
6762 : 2025-03-15 08:44:28,639 : INFO : telemetry.client : Flush client c4395b75-49cc-422c-bc95-c7d51aef5d46.
6762 : 2025-03-15 08:44:28,870 : INFO : telemetry.sender : Sending 4323 bytes
6762 : 2025-03-15 08:44:28,870 : INFO : telemetry.sender : Finish uploading in 0.230737 seconds.
1491 : 2025-03-22 04:56:36,542 : INFO : telemetry.main : Attempt start. Configuration directory [/home/sandy_azure/.azure]. Cache directory [/home/sandy_azure/.azure/telemetry/20250322045636413].
1491 : 2025-03-22 04:56:36,547 : INFO : telemetry.records : 1 cache files to upload.
1491 : 2025-03-22 04:56:36,547 : INFO : telemetry.records : Processed file /home/sandy_azure/.azure/telemetry/20250322045636413/cache into 1 records.
1491 : 2025-03-22 04:56:36,547 : INFO : telemetry.records : Remove directory /home/sandy_azure/.azure/telemetry/20250322045636413
1491 : 2025-03-22 04:56:36,548 : INFO : telemetry.client : Accumulated 1 events. Flush the clients.
1491 : 2025-03-22 04:56:36,548 : INFO : telemetry.client : Flush client c4395b75-49cc-422c-bc95-c7d51aef5d46.
1491 : 2025-03-22 04:56:36,776 : INFO : telemetry.sender : Sending 4192 bytes
1491 : 2025-03-22 04:56:36,776 : INFO : telemetry.sender : Finish uploading in 0.227836 seconds.
1500 : 2025-03-22 04:56:45,130 : INFO : telemetry.main : Attempt start. Configuration directory [/home/sandy_azure/.azure]. Cache directory [/home/sandy_azure/.azure/telemetry/20250322045644988].
1500 : 2025-03-22 04:56:45,130 : INFO : telemetry.records : 1 cache files to upload.
1500 : 2025-03-22 04:56:45,130 : INFO : telemetry.records : Processed file /home/sandy_azure/.azure/telemetry/20250322045644988/cache into 1 records.
1500 : 2025-03-22 04:56:45,131 : INFO : telemetry.records : Remove directory /home/sandy_azure/.azure/telemetry/20250322045644988
1500 : 2025-03-22 04:56:45,131 : INFO : telemetry.client : Accumulated 1 events. Flush the clients.
1500 : 2025-03-22 04:56:45,131 : INFO : telemetry.client : Flush client c4395b75-49cc-422c-bc95-c7d51aef5d46.
1500 : 2025-03-22 04:56:45,373 : INFO : telemetry.sender : Sending 4323 bytes
1500 : 2025-03-22 04:56:45,373 : INFO : telemetry.sender : Finish uploading in 0.241040 seconds.
1407 : 2025-03-29 05:01:35,329 : INFO : telemetry.main : Attempt start. Configuration directory [/home/sandy_azure/.azure]. Cache directory [/home/sandy_azure/.azure/telemetry/20250329050135202].
1407 : 2025-03-29 05:01:35,336 : INFO : telemetry.records : 1 cache files to upload.
1407 : 2025-03-29 05:01:35,337 : INFO : telemetry.records : Processed file /home/sandy_azure/.azure/telemetry/20250329050135202/cache into 1 records.
1407 : 2025-03-29 05:01:35,337 : INFO : telemetry.records : Remove directory /home/sandy_azure/.azure/telemetry/20250329050135202
1407 : 2025-03-29 05:01:35,338 : INFO : telemetry.client : Accumulated 1 events. Flush the clients.
1407 : 2025-03-29 05:01:35,338 : INFO : telemetry.client : Flush client c4395b75-49cc-422c-bc95-c7d51aef5d46.
1407 : 2025-03-29 05:01:35,558 : INFO : telemetry.sender : Sending 4192 bytes
1407 : 2025-03-29 05:01:35,558 : INFO : telemetry.sender : Finish uploading in 0.220369 seconds.
1416 : 2025-03-29 05:01:41,401 : INFO : telemetry.main : Attempt start. Configuration directory [/home/sandy_azure/.azure]. Cache directory [/home/sandy_azure/.azure/telemetry/20250329050141277].
1416 : 2025-03-29 05:01:41,401 : INFO : telemetry.records : 1 cache files to upload.
1416 : 2025-03-29 05:01:41,402 : INFO : telemetry.records : Processed file /home/sandy_azure/.azure/telemetry/20250329050141277/cache into 1 records.
1416 : 2025-03-29 05:01:41,402 : INFO : telemetry.records : Remove directory /home/sandy_azure/.azure/telemetry/20250329050141277
1416 : 2025-03-29 05:01:41,402 : INFO : telemetry.client : Accumulated 1 events. Flush the clients.
1416 : 2025-03-29 05:01:41,402 : INFO : telemetry.client : Flush client c4395b75-49cc-422c-bc95-c7d51aef5d46.
1416 : 2025-03-29 05:01:41,621 : INFO : telemetry.sender : Sending 4323 bytes
1416 : 2025-03-29 05:01:41,621 : INFO : telemetry.sender : Finish uploading in 0.218015 seconds.
2456 : 2025-05-24 10:19:06,454 : INFO : telemetry.main : Attempt start. Configuration directory [/home/sandy_azure/.azure]. Cache directory [/home/sandy_azure/.azure/telemetry/20250524101906329].
2456 : 2025-05-24 10:19:06,458 : INFO : telemetry.records : 1 cache files to upload.
2456 : 2025-05-24 10:19:06,458 : INFO : telemetry.records : Processed file /home/sandy_azure/.azure/telemetry/20250524101906329/cache into 1 records.
2456 : 2025-05-24 10:19:06,458 : INFO : telemetry.records : Remove directory /home/sandy_azure/.azure/telemetry/20250524101906329
2456 : 2025-05-24 10:19:06,459 : INFO : telemetry.client : Accumulated 1 events. Flush the clients.
2456 : 2025-05-24 10:19:06,459 : INFO : telemetry.client : Flush client c4395b75-49cc-422c-bc95-c7d51aef5d46.
2456 : 2025-05-24 10:19:06,680 : INFO : telemetry.sender : Sending 4360 bytes
2456 : 2025-05-24 10:19:06,680 : INFO : telemetry.sender : Finish uploading in 0.220799 seconds.
3241 : 2025-05-28 07:17:21,966 : INFO : telemetry.main : Attempt start. Configuration directory [/home/sandy_azure/.azure]. Cache directory [/home/sandy_azure/.azure/telemetry/20250528071721849].
3241 : 2025-05-28 07:17:21,970 : INFO : telemetry.records : 1 cache files to upload.
3241 : 2025-05-28 07:17:21,971 : INFO : telemetry.records : Processed file /home/sandy_azure/.azure/telemetry/20250528071721849/cache into 1 records.
3241 : 2025-05-28 07:17:21,971 : INFO : telemetry.records : Remove directory /home/sandy_azure/.azure/telemetry/20250528071721849
3241 : 2025-05-28 07:17:21,971 : INFO : telemetry.client : Accumulated 1 events. Flush the clients.
3241 : 2025-05-28 07:17:21,971 : INFO : telemetry.client : Flush client c4395b75-49cc-422c-bc95-c7d51aef5d46.
3241 : 2025-05-28 07:17:22,227 : INFO : telemetry.sender : Sending 4348 bytes
3241 : 2025-05-28 07:17:22,227 : INFO : telemetry.sender : Finish uploading in 0.255549 seconds.
15263 : 2025-05-28 10:11:35,022 : INFO : telemetry.main : Attempt start. Configuration directory [/home/sandy_azure/.azure]. Cache directory [/home/sandy_azure/.azure/telemetry/20250528101134911].
15263 : 2025-05-28 10:11:35,022 : INFO : telemetry.records : 1 cache files to upload.
15263 : 2025-05-28 10:11:35,022 : INFO : telemetry.records : Processed file /home/sandy_azure/.azure/telemetry/20250528101134911/cache into 1 records.
15263 : 2025-05-28 10:11:35,022 : INFO : telemetry.records : Remove directory /home/sandy_azure/.azure/telemetry/20250528101134911
15263 : 2025-05-28 10:11:35,023 : INFO : telemetry.client : Accumulated 1 events. Flush the clients.
15263 : 2025-05-28 10:11:35,023 : INFO : telemetry.client : Flush client c4395b75-49cc-422c-bc95-c7d51aef5d46.
15263 : 2025-05-28 10:11:35,242 : INFO : telemetry.sender : Sending 4251 bytes
15263 : 2025-05-28 10:11:35,242 : INFO : telemetry.sender : Finish uploading in 0.218900 seconds.
15272 : 2025-05-28 10:11:44,702 : INFO : telemetry.main : Attempt start. Configuration directory [/home/sandy_azure/.azure]. Cache directory [/home/sandy_azure/.azure/telemetry/20250528101144593].
15272 : 2025-05-28 10:11:44,702 : INFO : telemetry.records : 1 cache files to upload.
15272 : 2025-05-28 10:11:44,702 : INFO : telemetry.records : Processed file /home/sandy_azure/.azure/telemetry/20250528101144593/cache into 1 records.
15272 : 2025-05-28 10:11:44,703 : INFO : telemetry.records : Remove directory /home/sandy_azure/.azure/telemetry/20250528101144593
15272 : 2025-05-28 10:11:44,703 : INFO : telemetry.client : Accumulated 1 events. Flush the clients.
15272 : 2025-05-28 10:11:44,703 : INFO : telemetry.client : Flush client c4395b75-49cc-422c-bc95-c7d51aef5d46.
15272 : 2025-05-28 10:11:44,924 : INFO : telemetry.sender : Sending 4382 bytes
15272 : 2025-05-28 10:11:44,924 : INFO : telemetry.sender : Finish uploading in 0.220409 seconds.
16439 : 2025-05-28 10:23:18,643 : INFO : telemetry.main : Attempt start. Configuration directory [/home/sandy_azure/.azure]. Cache directory [/home/sandy_azure/.azure/telemetry/20250528102318532].
16439 : 2025-05-28 10:23:18,643 : INFO : telemetry.records : 1 cache files to upload.
16439 : 2025-05-28 10:23:18,643 : INFO : telemetry.records : Processed file /home/sandy_azure/.azure/telemetry/20250528102318532/cache into 1 records.
16439 : 2025-05-28 10:23:18,644 : INFO : telemetry.records : Remove directory /home/sandy_azure/.azure/telemetry/20250528102318532
16439 : 2025-05-28 10:23:18,644 : INFO : telemetry.client : Accumulated 1 events. Flush the clients.
16439 : 2025-05-28 10:23:18,644 : INFO : telemetry.client : Flush client c4395b75-49cc-422c-bc95-c7d51aef5d46.
16439 : 2025-05-28 10:23:18,861 : INFO : telemetry.sender : Sending 4251 bytes
16439 : 2025-05-28 10:23:18,861 : INFO : telemetry.sender : Finish uploading in 0.216532 seconds.
16448 : 2025-05-28 10:23:26,796 : INFO : telemetry.main : Attempt start. Configuration directory [/home/sandy_azure/.azure]. Cache directory [/home/sandy_azure/.azure/telemetry/20250528102326688].
16448 : 2025-05-28 10:23:26,797 : INFO : telemetry.records : 1 cache files to upload.
16448 : 2025-05-28 10:23:26,797 : INFO : telemetry.records : Processed file /home/sandy_azure/.azure/telemetry/20250528102326688/cache into 1 records.
16448 : 2025-05-28 10:23:26,797 : INFO : telemetry.records : Remove directory /home/sandy_azure/.azure/telemetry/20250528102326688
16448 : 2025-05-28 10:23:26,798 : INFO : telemetry.client : Accumulated 1 events. Flush the clients.
16448 : 2025-05-28 10:23:26,798 : INFO : telemetry.client : Flush client c4395b75-49cc-422c-bc95-c7d51aef5d46.
16448 : 2025-05-28 10:23:27,017 : INFO : telemetry.sender : Sending 4382 bytes
16448 : 2025-05-28 10:23:27,017 : INFO : telemetry.sender : Finish uploading in 0.219550 seconds.
17100 : 2025-05-28 10:32:11,960 : INFO : telemetry.main : Attempt start. Configuration directory [/home/sandy_azure/.azure]. Cache directory [/home/sandy_azure/.azure/telemetry/20250528103211854].
17100 : 2025-05-28 10:32:11,960 : INFO : telemetry.records : 1 cache files to upload.
17100 : 2025-05-28 10:32:11,960 : INFO : telemetry.records : Processed file /home/sandy_azure/.azure/telemetry/20250528103211854/cache into 1 records.
17100 : 2025-05-28 10:32:11,960 : INFO : telemetry.records : Remove directory /home/sandy_azure/.azure/telemetry/20250528103211854
17100 : 2025-05-28 10:32:11,961 : INFO : telemetry.client : Accumulated 1 events. Flush the clients.
17100 : 2025-05-28 10:32:11,961 : INFO : telemetry.client : Flush client c4395b75-49cc-422c-bc95-c7d51aef5d46.
17100 : 2025-05-28 10:32:12,181 : INFO : telemetry.sender : Sending 4251 bytes
17100 : 2025-05-28 10:32:12,182 : INFO : telemetry.sender : Finish uploading in 0.220539 seconds.
17115 : 2025-05-28 10:32:20,855 : INFO : telemetry.main : Attempt start. Configuration directory [/home/sandy_azure/.azure]. Cache directory [/home/sandy_azure/.azure/telemetry/20250528103220737].
17115 : 2025-05-28 10:32:20,855 : INFO : telemetry.records : 1 cache files to upload.
17115 : 2025-05-28 10:32:20,855 : INFO : telemetry.records : Processed file /home/sandy_azure/.azure/telemetry/20250528103220737/cache into 1 records.
17115 : 2025-05-28 10:32:20,856 : INFO : telemetry.records : Remove directory /home/sandy_azure/.azure/telemetry/20250528103220737
17115 : 2025-05-28 10:32:20,856 : INFO : telemetry.client : Accumulated 1 events. Flush the clients.
17115 : 2025-05-28 10:32:20,856 : INFO : telemetry.client : Flush client c4395b75-49cc-422c-bc95-c7d51aef5d46.
17115 : 2025-05-28 10:32:21,081 : INFO : telemetry.sender : Sending 4382 bytes
17115 : 2025-05-28 10:32:21,081 : INFO : telemetry.sender : Finish uploading in 0.224924 seconds.
18810 : 2025-05-28 10:42:42,013 : INFO : telemetry.main : Attempt start. Configuration directory [/home/sandy_azure/.azure]. Cache directory [/home/sandy_azure/.azure/telemetry/20250528104241886].
18810 : 2025-05-28 10:42:42,013 : INFO : telemetry.records : 1 cache files to upload.
18810 : 2025-05-28 10:42:42,013 : INFO : telemetry.records : Processed file /home/sandy_azure/.azure/telemetry/20250528104241886/cache into 1 records.
18810 : 2025-05-28 10:42:42,013 : INFO : telemetry.records : Remove directory /home/sandy_azure/.azure/telemetry/20250528104241886
18810 : 2025-05-28 10:42:42,014 : INFO : telemetry.client : Accumulated 1 events. Flush the clients.
18810 : 2025-05-28 10:42:42,014 : INFO : telemetry.client : Flush client c4395b75-49cc-422c-bc95-c7d51aef5d46.
18810 : 2025-05-28 10:42:42,244 : INFO : telemetry.sender : Sending 4251 bytes
18810 : 2025-05-28 10:42:42,244 : INFO : telemetry.sender : Finish uploading in 0.230360 seconds.
18837 : 2025-05-28 10:42:50,544 : INFO : telemetry.main : Attempt start. Configuration directory [/home/sandy_azure/.azure]. Cache directory [/home/sandy_azure/.azure/telemetry/20250528104250415].
18837 : 2025-05-28 10:42:50,545 : INFO : telemetry.records : 1 cache files to upload.
18837 : 2025-05-28 10:42:50,545 : INFO : telemetry.records : Processed file /home/sandy_azure/.azure/telemetry/20250528104250415/cache into 1 records.
18837 : 2025-05-28 10:42:50,545 : INFO : telemetry.records : Remove directory /home/sandy_azure/.azure/telemetry/20250528104250415
18837 : 2025-05-28 10:42:50,546 : INFO : telemetry.client : Accumulated 1 events. Flush the clients.
18837 : 2025-05-28 10:42:50,546 : INFO : telemetry.client : Flush client c4395b75-49cc-422c-bc95-c7d51aef5d46.
18837 : 2025-05-28 10:42:50,760 : INFO : telemetry.sender : Sending 4382 bytes
18837 : 2025-05-28 10:42:50,761 : INFO : telemetry.sender : Finish uploading in 0.214775 seconds.
22132 : 2025-05-28 11:13:37,327 : INFO : telemetry.main : Attempt start. Configuration directory [/home/sandy_azure/.azure]. Cache directory [/home/sandy_azure/.azure/telemetry/20250528111337220].
22132 : 2025-05-28 11:13:37,327 : INFO : telemetry.records : 1 cache files to upload.
22132 : 2025-05-28 11:13:37,327 : INFO : telemetry.records : Processed file /home/sandy_azure/.azure/telemetry/20250528111337220/cache into 1 records.
22132 : 2025-05-28 11:13:37,327 : INFO : telemetry.records : Remove directory /home/sandy_azure/.azure/telemetry/20250528111337220
22132 : 2025-05-28 11:13:37,328 : INFO : telemetry.client : Accumulated 1 events. Flush the clients.
22132 : 2025-05-28 11:13:37,328 : INFO : telemetry.client : Flush client c4395b75-49cc-422c-bc95-c7d51aef5d46.
22132 : 2025-05-28 11:13:37,554 : INFO : telemetry.sender : Sending 4251 bytes
22132 : 2025-05-28 11:13:37,554 : INFO : telemetry.sender : Finish uploading in 0.226323 seconds.
22145 : 2025-05-28 11:13:44,991 : INFO : telemetry.main : Attempt start. Configuration directory [/home/sandy_azure/.azure]. Cache directory [/home/sandy_azure/.azure/telemetry/20250528111344862].
22145 : 2025-05-28 11:13:44,992 : INFO : telemetry.records : 1 cache files to upload.
22145 : 2025-05-28 11:13:44,992 : INFO : telemetry.records : Processed file /home/sandy_azure/.azure/telemetry/20250528111344862/cache into 1 records.
22145 : 2025-05-28 11:13:44,992 : INFO : telemetry.records : Remove directory /home/sandy_azure/.azure/telemetry/20250528111344862
22145 : 2025-05-28 11:13:44,993 : INFO : telemetry.client : Accumulated 1 events. Flush the clients.
22145 : 2025-05-28 11:13:44,993 : INFO : telemetry.client : Flush client c4395b75-49cc-422c-bc95-c7d51aef5d46.
22145 : 2025-05-28 11:13:45,212 : INFO : telemetry.sender : Sending 4382 bytes
22145 : 2025-05-28 11:13:45,213 : INFO : telemetry.sender : Finish uploading in 0.219415 seconds.
2615 : 2025-05-29 10:53:57,533 : INFO : telemetry.main : Attempt start. Configuration directory [/home/sandy_azure/.azure]. Cache directory [/home/sandy_azure/.azure/telemetry/20250529105357430].
2615 : 2025-05-29 10:53:57,541 : INFO : telemetry.records : 1 cache files to upload.
2615 : 2025-05-29 10:53:57,541 : INFO : telemetry.records : Processed file /home/sandy_azure/.azure/telemetry/20250529105357430/cache into 1 records.
2615 : 2025-05-29 10:53:57,541 : INFO : telemetry.records : Remove directory /home/sandy_azure/.azure/telemetry/20250529105357430
2615 : 2025-05-29 10:53:57,541 : INFO : telemetry.client : Accumulated 1 events. Flush the clients.
2615 : 2025-05-29 10:53:57,541 : INFO : telemetry.client : Flush client c4395b75-49cc-422c-bc95-c7d51aef5d46.
2615 : 2025-05-29 10:53:57,761 : INFO : telemetry.sender : Sending 4251 bytes
2615 : 2025-05-29 10:53:57,761 : INFO : telemetry.sender : Finish uploading in 0.219141 seconds.
2624 : 2025-05-29 10:54:06,441 : INFO : telemetry.main : Attempt start. Configuration directory [/home/sandy_azure/.azure]. Cache directory [/home/sandy_azure/.azure/telemetry/20250529105406344].
2624 : 2025-05-29 10:54:06,441 : INFO : telemetry.records : 1 cache files to upload.
2624 : 2025-05-29 10:54:06,441 : INFO : telemetry.records : Processed file /home/sandy_azure/.azure/telemetry/20250529105406344/cache into 1 records.
2624 : 2025-05-29 10:54:06,441 : INFO : telemetry.records : Remove directory /home/sandy_azure/.azure/telemetry/20250529105406344
2624 : 2025-05-29 10:54:06,442 : INFO : telemetry.client : Accumulated 1 events. Flush the clients.
2624 : 2025-05-29 10:54:06,442 : INFO : telemetry.client : Flush client c4395b75-49cc-422c-bc95-c7d51aef5d46.
2624 : 2025-05-29 10:54:06,661 : INFO : telemetry.sender : Sending 4382 bytes
2624 : 2025-05-29 10:54:06,661 : INFO : telemetry.sender : Finish uploading in 0.218756 seconds.
